<?xml version="1.0" encoding="UTF-8"?>
<!-- Generated by org.testng.reporters.JUnitXMLReporter -->
<testsuite ignored="0" hostname="LAPTOP-RDPSUM09" failures="0" tests="11" name="TutorialsNinja Automation Testcases" time="70.486" errors="0" timestamp="2023-10-25T21:21:32 EDT">
  <testcase classname="com.tutorialsninja.qa.testcases.RegisterTest" name="CreatAccountEnteringMandatoryData" time="1.327"/>
  <testcase classname="com.tutorialsninja.qa.testcases.RegisterTest" name="CreatAccountEnteringMandatoryPlusNonMandatoryData" time="1.285"/>
  <testcase classname="com.tutorialsninja.qa.testcases.RegisterTest" name="CreatAccountWithExistingAccountEmail" time="0.9"/>
  <testcase classname="com.tutorialsninja.qa.testcases.RegisterTest" name="CreatAccountWithoutEnteringMandatoryData" time="0.546"/>
  <testcase classname="com.tutorialsninja.qa.testcases.LoginTest" name="loginWithValidCredentials" time="1.125"/>
  <testcase classname="com.tutorialsninja.qa.testcases.LoginTest" name="loginWithInValidCredentials" time="0.628"/>
  <testcase classname="com.tutorialsninja.qa.testcases.LoginTest" name="loginWithValidEmailandInValidPassword" time="0.596"/>
  <testcase classname="com.tutorialsninja.qa.testcases.LoginTest" name="loginWithInValidEmailandValidPassword" time="0.602"/>
  <testcase classname="com.tutorialsninja.qa.testcases.LoginTest" name="loginWithNoCredentials" time="0.537"/>
  <testcase classname="com.tutorialsninja.qa.testcases.LoginTest" name="loginWithNoEmailandValidPassword" time="0.563"/>
  <testcase classname="com.tutorialsninja.qa.testcases.LoginTest" name="loginWithValidEmailandNoPassword" time="0.553"/>
</testsuite> <!-- TutorialsNinja Automation Testcases -->
